<?xml version="1.0" encoding="UTF-8"?>
<!-- Generated by org.testng.reporters.JUnitReportReporter -->
<testsuite skipped="0" hostname="LAPTOP-67M1RKGT" name="com.demoqa.testpages.LoginPageTest" tests="3" failures="0" timestamp="2020-06-21T15:14:36 IST" time="3.756" errors="0">
  <testcase name="checkImage" time="0.130" classname="com.demoqa.testpages.LoginPageTest"/>
  <testcase name="getLoginPageTitle" time="0.024" classname="com.demoqa.testpages.LoginPageTest"/>
  <testcase name="verifyLogin" time="3.602" classname="com.demoqa.testpages.LoginPageTest"/>
</testsuite> <!-- com.demoqa.testpages.LoginPageTest -->
