<?xml version="1.0" encoding="UTF-8"?>
<!-- Generated by org.testng.reporters.JUnitReportReporter -->
<testsuite skipped="0" hostname="LAPTOP-67M1RKGT" name="com.demoqa.testpages.HomePageTest" tests="3" failures="0" timestamp="2020-06-21T15:14:36 IST" time="26.061" errors="0">
  <testcase name="verifyHomePageTitle" time="0.040" classname="com.demoqa.testpages.HomePageTest"/>
  <testcase name="checkJoinNowBTN" time="0.160" classname="com.demoqa.testpages.HomePageTest"/>
  <testcase name="clickLoginBtn" time="25.861" classname="com.demoqa.testpages.HomePageTest"/>
</testsuite> <!-- com.demoqa.testpages.HomePageTest -->
