<?xml version="1.0" encoding="UTF-8"?>
<!-- Generated by org.testng.reporters.JUnitReportReporter -->
<testsuite skipped="0" hostname="LAPTOP-67M1RKGT" name="com.demoqa.testpages.HomePageTest" tests="3" failures="0" timestamp="2020-06-21T11:52:50 IST" time="8.303" errors="0">
  <testcase name="verifyHomePageTitle" time="0.008" classname="com.demoqa.testpages.HomePageTest"/>
  <system-out/>
  <testcase name="checkJoinNowBTN" time="0.113" classname="com.demoqa.testpages.HomePageTest"/>
  <system-out/>
  <testcase name="clickLoginBtn" time="8.182" classname="com.demoqa.testpages.HomePageTest"/>
  <system-out/>
</testsuite> <!-- com.demoqa.testpages.HomePageTest -->
