<?xml version="1.0" encoding="UTF-8"?>
<!-- Generated by org.testng.reporters.JUnitReportReporter -->
<testsuite skipped="0" hostname="LAPTOP-67M1RKGT" name="com.demoqa.testpages.LoginPageTest" tests="3" failures="0" timestamp="2020-06-21T11:52:50 IST" time="2.413" errors="0">
  <testcase name="checkImage" time="0.448" classname="com.demoqa.testpages.LoginPageTest"/>
  <system-out/>
  <testcase name="getLoginPageTitle" time="0.004" classname="com.demoqa.testpages.LoginPageTest"/>
  <system-out/>
  <testcase name="verifyLogin" time="1.961" classname="com.demoqa.testpages.LoginPageTest"/>
  <system-out/>
</testsuite> <!-- com.demoqa.testpages.LoginPageTest -->
